TN:
SF:src/api/financeApi.js
FN:9,(anonymous_0)
FNF:1
FNH:1
FNDA:2,(anonymous_0)
DA:9,1
DA:10,2
DA:12,2
DA:13,1
DA:15,1
DA:16,1
LF:6
LH:6
BRF:0
BRH:0
end_of_record
TN:
SF:src/api/postApi.js
FN:4,(anonymous_0)
FN:10,(anonymous_1)
FN:16,(anonymous_2)
FN:23,(anonymous_3)
FN:29,(anonymous_4)
FN:34,(anonymous_5)
FN:39,(anonymous_6)
FN:41,(anonymous_7)
FNF:8
FNH:8
FNDA:1,(anonymous_0)
FNDA:2,(anonymous_1)
FNDA:1,(anonymous_2)
FNDA:1,(anonymous_3)
FNDA:1,(anonymous_4)
FNDA:1,(anonymous_5)
FNDA:1,(anonymous_6)
FNDA:2,(anonymous_7)
DA:4,1
DA:5,1
DA:6,1
DA:10,1
DA:11,2
DA:12,1
DA:16,1
DA:18,1
DA:19,1
DA:23,1
DA:24,1
DA:25,1
DA:29,1
DA:30,1
DA:34,1
DA:35,1
DA:39,1
DA:40,1
DA:42,2
DA:44,2
DA:47,2
DA:48,2
DA:51,2
DA:58,1
DA:63,1
DA:64,1
LF:26
LH:26
BRDA:63,0,0,1
BRDA:63,0,1,0
BRF:2
BRH:1
end_of_record
TN:
SF:src/pages/PostList.jsx
FN:6,(anonymous_0)
FN:11,(anonymous_1)
FN:12,(anonymous_2)
FN:25,(anonymous_3)
FN:42,(anonymous_4)
FN:43,(anonymous_5)
FN:55,(anonymous_6)
FN:58,(anonymous_7)
FNF:8
FNH:6
FNDA:13,(anonymous_0)
FNDA:7,(anonymous_1)
FNDA:7,(anonymous_2)
FNDA:2,(anonymous_3)
FNDA:1,(anonymous_4)
FNDA:0,(anonymous_5)
FNDA:1,(anonymous_6)
FNDA:0,(anonymous_7)
DA:6,1
DA:7,13
DA:8,13
DA:9,13
DA:11,13
DA:12,7
DA:13,7
DA:14,7
DA:15,5
DA:17,1
DA:19,6
DA:22,7
DA:25,13
DA:26,2
DA:27,2
DA:28,2
DA:30,1
DA:31,1
DA:36,13
DA:38,6
DA:42,1
DA:43,0
DA:56,1
DA:58,0
LF:24
LH:22
BRDA:26,0,0,2
BRDA:26,0,1,0
BRDA:36,1,0,7
BRDA:36,1,1,6
BRDA:54,2,0,1
BRDA:54,2,1,5
BRDA:59,3,0,1
BRDA:59,3,1,1
BRF:8
BRH:7
end_of_record
